1677692271694:help
1677692286409:request-response
1677692727141:exit
1677693586393:help
1677693593806:request-response\\
1677693598419:request-response
1677743147789:exit
1677743160820:help
1677743168828:request-response
1677743263353:exit
1677743297837:help
1677743306416:request-response
1677743355716:stacktrace
1677743358977:request-response
1677744392440:exit
1677744406840:help
1677744414367:fire-and-forget
1677745226921:exit
1677745299772:help
1677745304659:stream
1677745329748:ss
1677745334039:s
1677747982361:exit
